SF:lib/shared/constants/constants.dart
DA:8,1
DA:10,3
LF:2
LH:2
end_of_record
SF:lib/shared/constants/media_query_screen_size_provider.dart
DA:6,1
DA:9,4
DA:10,3
LF:3
LH:3
end_of_record
SF:lib/shared/screen_size.dart
DA:5,1
LF:1
LH:1
end_of_record
SF:lib/features/intro/domain/entities/intro.dart
DA:8,1
DA:13,0
DA:14,0
LF:3
LH:1
end_of_record
SF:lib/features/intro/data/datasources/intro_data_source.dart
DA:10,1
DA:12,1
DA:13,1
DA:15,1
DA:17,1
DA:19,1
DA:21,1
DA:23,1
LF:8
LH:8
end_of_record
SF:lib/features/intro/data/models/intro_model.dart
DA:9,1
DA:11,0
DA:12,0
DA:15,0
DA:16,0
LF:5
LH:1
end_of_record
